This file contains any messages produced by compilers while
running configure, to aid debugging if configure makes a mistake.

It was created by configure, which was
generated by GNU Autoconf 2.59.  Invocation command line was

  $ /root/Public/otp_src_17.4/lib/configure --prefix=/usr/local/erlang --prefix=/usr/local/erlang --cache-file=/dev/null --srcdir=/root/Public/otp_src_17.4/lib

## --------- ##
## Platform. ##
## --------- ##

hostname = lyneliu.com
uname -m = i686
uname -r = 2.6.32-504.3.3.el6.i686
uname -s = Linux
uname -v = #1 SMP Tue Dec 16 22:55:44 UTC 2014

/usr/bin/uname -p = unknown
/bin/uname -X     = unknown

/bin/arch              = i686
/usr/bin/arch -k       = unknown
/usr/convex/getsysinfo = unknown
hostinfo               = unknown
/bin/machine           = unknown
/usr/bin/oslevel       = unknown
/bin/universe          = unknown

PATH: /usr/lib/qt-3.3/bin
PATH: /usr/local/sbin
PATH: /usr/local/bin
PATH: /sbin
PATH: /bin
PATH: /usr/sbin
PATH: /usr/bin
PATH: /root/bin


## ----------- ##
## Core tests. ##
## ----------- ##

configure:1368: creating ./config.status

## ---------------------- ##
## Running config.status. ##
## ---------------------- ##

This file was extended by config.status, which was
generated by GNU Autoconf 2.59.  Invocation command line was

  CONFIG_FILES    = 
  CONFIG_HEADERS  = 
  CONFIG_LINKS    = 
  CONFIG_COMMANDS = 
  $ ./config.status 

on lyneliu.com

configure:1858: configuring in snmp/.
configure:1975: running /bin/sh '/root/Public/otp_src_17.4/lib/snmp/./configure' --prefix=/usr/local/erlang  '--prefix=/usr/local/erlang' '--cache-file=/dev/null' '--srcdir=/root/Public/otp_src_17.4/lib' --cache-file=/dev/null --srcdir=/root/Public/otp_src_17.4/lib/snmp/.
configure:1858: configuring in common_test/.
configure:1975: running /bin/sh '/root/Public/otp_src_17.4/lib/common_test/./configure' --prefix=/usr/local/erlang  '--prefix=/usr/local/erlang' '--cache-file=/dev/null' '--srcdir=/root/Public/otp_src_17.4/lib' --cache-file=/dev/null --srcdir=/root/Public/otp_src_17.4/lib/common_test/.
configure:1858: configuring in erl_interface/.
configure:1975: running /bin/sh '/root/Public/otp_src_17.4/lib/erl_interface/./configure' --prefix=/usr/local/erlang  '--prefix=/usr/local/erlang' '--cache-file=/dev/null' '--srcdir=/root/Public/otp_src_17.4/lib' --cache-file=/dev/null --srcdir=/root/Public/otp_src_17.4/lib/erl_interface/.
configure:1858: configuring in gs/.
configure:1975: running /bin/sh '/root/Public/otp_src_17.4/lib/gs/./configure' --prefix=/usr/local/erlang  '--prefix=/usr/local/erlang' '--cache-file=/dev/null' '--srcdir=/root/Public/otp_src_17.4/lib' --cache-file=/dev/null --srcdir=/root/Public/otp_src_17.4/lib/gs/.
configure:1858: configuring in megaco/.
configure:1975: running /bin/sh '/root/Public/otp_src_17.4/lib/megaco/./configure' --prefix=/usr/local/erlang  '--prefix=/usr/local/erlang' '--cache-file=/dev/null' '--srcdir=/root/Public/otp_src_17.4/lib' --cache-file=/dev/null --srcdir=/root/Public/otp_src_17.4/lib/megaco/.
configure:1858: configuring in odbc/.
configure:1975: running /bin/sh '/root/Public/otp_src_17.4/lib/odbc/./configure' --prefix=/usr/local/erlang  '--prefix=/usr/local/erlang' '--cache-file=/dev/null' '--srcdir=/root/Public/otp_src_17.4/lib' --cache-file=/dev/null --srcdir=/root/Public/otp_src_17.4/lib/odbc/.
configure:1858: configuring in wx/.
configure:1975: running /bin/sh '/root/Public/otp_src_17.4/lib/wx/./configure' --prefix=/usr/local/erlang  '--prefix=/usr/local/erlang' '--cache-file=/dev/null' '--srcdir=/root/Public/otp_src_17.4/lib' --cache-file=/dev/null --srcdir=/root/Public/otp_src_17.4/lib/wx/.

## ---------------- ##
## Cache variables. ##
## ---------------- ##

ac_cv_env_build_alias_set=
ac_cv_env_build_alias_value=
ac_cv_env_host_alias_set=
ac_cv_env_host_alias_value=
ac_cv_env_target_alias_set=
ac_cv_env_target_alias_value=

## ----------------- ##
## Output variables. ##
## ----------------- ##

DEFS='-DPACKAGE_NAME=\"\" -DPACKAGE_TARNAME=\"\" -DPACKAGE_VERSION=\"\" -DPACKAGE_STRING=\"\" -DPACKAGE_BUGREPORT=\"\" '
ECHO_C=''
ECHO_N='-n'
ECHO_T=''
LIBOBJS=''
LIBS=''
LTLIBOBJS=''
PACKAGE_BUGREPORT=''
PACKAGE_NAME=''
PACKAGE_STRING=''
PACKAGE_TARNAME=''
PACKAGE_VERSION=''
PATH_SEPARATOR=':'
SHELL='/bin/sh'
bindir='${exec_prefix}/bin'
build_alias=''
datadir='${prefix}/share'
exec_prefix='${prefix}'
host_alias=''
includedir='${prefix}/include'
infodir='${prefix}/info'
libdir='${exec_prefix}/lib'
libexecdir='${exec_prefix}/libexec'
localstatedir='${prefix}/var'
mandir='${prefix}/man'
oldincludedir='/usr/include'
prefix='/usr/local/erlang'
program_transform_name='s,x,x,'
sbindir='${exec_prefix}/sbin'
sharedstatedir='${prefix}/com'
subdirs=' snmp/. common_test/. erl_interface/. gs/. megaco/. odbc/. wx/.'
sysconfdir='${prefix}/etc'
target_alias=''

## ----------- ##
## confdefs.h. ##
## ----------- ##

#define PACKAGE_BUGREPORT ""
#define PACKAGE_NAME ""
#define PACKAGE_STRING ""
#define PACKAGE_TARNAME ""
#define PACKAGE_VERSION ""

configure: exit 0
